2026-02-08 12:26:54,373 - RefundLaundering - INFO - Starting Refund Laundering Detection Pipeline
2026-02-08 12:26:54,374 - RefundLaundering - INFO - Loading data...
2026-02-08 12:26:54,375 - RefundLaundering - CRITICAL - Pipeline failed: File not found: data/raw/transactions.csv
Traceback (most recent call last):
  File "C:\Users\Swathi G\Downloads\graph-refund-laundering-full\src\main.py", line 45, in main
    tx = load_transactions(tx_path)
  File "C:\Users\Swathi G\Downloads\graph-refund-laundering-full\src\ingestion\load_data.py", line 41, in load_transactions
    return load_csv(path, 'transactions')
  File "C:\Users\Swathi G\Downloads\graph-refund-laundering-full\src\ingestion\load_data.py", line 29, in load_csv
    raise FileNotFoundError(f"File not found: {path}")
FileNotFoundError: File not found: data/raw/transactions.csv
2026-02-08 12:27:36,264 - RefundLaundering - INFO - Starting Refund Laundering Detection Pipeline
2026-02-08 12:27:36,265 - RefundLaundering - INFO - Loading data...
2026-02-08 12:27:36,326 - RefundLaundering - INFO - Preprocessing data...
2026-02-08 12:27:36,334 - RefundLaundering - INFO - Building Transaction Graph...
2026-02-08 12:27:36,347 - RefundLaundering - INFO - Running Analytics Modules...
2026-02-08 12:27:36,362 - RefundLaundering - INFO - Calculating Risk Scores...
2026-02-08 12:27:36,368 - RefundLaundering - INFO - Risk scores saved to data\processed\risk_scores.csv
2026-02-08 12:27:36,390 - RefundLaundering - INFO - Pipeline completed successfully.
2026-02-08 12:29:15,238 - RefundLaundering - INFO - Starting Refund Laundering Detection Pipeline
2026-02-08 12:29:15,238 - RefundLaundering - INFO - Loading data...
2026-02-08 12:29:15,247 - RefundLaundering - INFO - Preprocessing data...
2026-02-08 12:29:15,254 - RefundLaundering - INFO - Building Transaction Graph...
2026-02-08 12:29:15,270 - RefundLaundering - INFO - Running Analytics Modules...
2026-02-08 12:29:15,289 - RefundLaundering - INFO - Calculating Risk Scores...
2026-02-08 12:29:15,293 - RefundLaundering - INFO - Risk scores saved to data\processed\risk_scores.csv
2026-02-08 12:29:15,303 - RefundLaundering - INFO - Pipeline completed successfully.
2026-02-08 12:33:43,366 - RefundLaundering - INFO - Starting Refund Laundering Detection Pipeline
2026-02-08 12:33:43,369 - RefundLaundering - INFO - Loading data...
2026-02-08 12:33:43,383 - RefundLaundering - INFO - Preprocessing data...
2026-02-08 12:33:43,404 - RefundLaundering - INFO - Building Transaction Graph...
2026-02-08 12:33:43,435 - RefundLaundering - INFO - Running Analytics Modules...
2026-02-08 12:33:43,486 - RefundLaundering - INFO - Calculating Risk Scores...
2026-02-08 12:33:43,499 - RefundLaundering - INFO - Risk scores saved to data\processed\risk_scores.csv
2026-02-08 12:33:43,525 - RefundLaundering - INFO - Pipeline completed successfully.
2026-02-25 21:59:24,344 - RefundLaundering - INFO - Starting Refund Laundering Detection Pipeline
2026-02-25 21:59:24,346 - RefundLaundering - INFO - Loading data...
2026-02-25 21:59:24,358 - RefundLaundering - INFO - Preprocessing data...
2026-02-25 21:59:24,387 - RefundLaundering - INFO - Building Transaction Graph...
2026-02-25 21:59:24,566 - RefundLaundering - INFO - Running Analytics Modules...
2026-02-25 21:59:24,640 - RefundLaundering - INFO - Calculating Risk Scores...
2026-02-25 21:59:24,762 - RefundLaundering - INFO - Risk scores saved to data\processed\risk_scores.csv
2026-02-25 21:59:24,837 - RefundLaundering - INFO - Pipeline completed successfully.
2026-02-26 10:42:37,590 - RefundLaundering - INFO - Starting Refund Laundering Detection Pipeline
2026-02-26 10:42:37,591 - RefundLaundering - INFO - Loading data...
2026-02-26 10:42:37,672 - RefundLaundering - INFO - Preprocessing data...
2026-02-26 10:42:37,682 - RefundLaundering - INFO - Building Transaction Graph...
2026-02-26 10:42:37,693 - RefundLaundering - INFO - Running Analytics Modules...
2026-02-26 10:42:37,711 - RefundLaundering - INFO - Calculating Risk Scores...
2026-02-26 10:42:37,718 - RefundLaundering - INFO - Risk scores saved to data\processed\risk_scores.csv
2026-02-26 10:42:37,728 - RefundLaundering - INFO - Pipeline completed successfully.
2026-02-26 10:51:04,585 - RefundLaundering - INFO - Starting Refund Laundering Detection Pipeline
2026-02-26 10:51:04,586 - RefundLaundering - INFO - Loading data...
2026-02-26 10:51:04,611 - RefundLaundering - INFO - Preprocessing data...
2026-02-26 10:51:04,641 - RefundLaundering - INFO - Building Transaction Graph...
2026-02-26 10:51:04,678 - RefundLaundering - INFO - Running Analytics Modules...
2026-02-26 10:51:04,764 - RefundLaundering - INFO - Calculating Risk Scores...
2026-02-26 10:51:04,777 - RefundLaundering - INFO - Risk scores saved to data\processed\risk_scores.csv
2026-02-26 10:51:04,808 - RefundLaundering - INFO - Pipeline completed successfully.
2026-02-27 08:09:56,832 - RefundLaundering - INFO - Starting Refund Laundering Detection Pipeline
2026-02-27 08:09:56,837 - RefundLaundering - INFO - Loading data...
2026-02-27 08:09:56,845 - RefundLaundering - INFO - Preprocessing data...
2026-02-27 08:09:56,856 - RefundLaundering - INFO - Building Transaction Graph...
2026-02-27 08:09:56,870 - RefundLaundering - INFO - Running Analytics Modules...
2026-02-27 08:09:56,893 - RefundLaundering - INFO - Calculating Risk Scores...
2026-02-27 08:09:56,904 - RefundLaundering - INFO - Risk scores saved to data\processed\risk_scores.csv
2026-02-27 08:09:56,922 - RefundLaundering - INFO - Pipeline completed successfully.
2026-02-27 08:11:58,079 - RefundLaundering - INFO - Starting Refund Laundering Detection Pipeline
2026-02-27 08:11:58,082 - RefundLaundering - INFO - Loading data...
2026-02-27 08:11:58,094 - RefundLaundering - INFO - Preprocessing data...
2026-02-27 08:11:58,118 - RefundLaundering - INFO - Building Transaction Graph...
2026-02-27 08:11:58,148 - RefundLaundering - INFO - Running Analytics Modules...
2026-02-27 08:11:58,199 - RefundLaundering - INFO - Calculating Risk Scores...
2026-02-27 08:11:58,215 - RefundLaundering - INFO - Risk scores saved to data\processed\risk_scores.csv
2026-02-27 08:11:58,246 - RefundLaundering - INFO - Pipeline completed successfully.
2026-02-27 08:12:35,004 - RefundLaundering - INFO - Starting Refund Laundering Detection Pipeline
2026-02-27 08:12:35,006 - RefundLaundering - INFO - Loading data...
2026-02-27 08:12:35,019 - RefundLaundering - INFO - Preprocessing data...
2026-02-27 08:12:35,062 - RefundLaundering - INFO - Building Transaction Graph...
2026-02-27 08:12:35,102 - RefundLaundering - INFO - Running Analytics Modules...
2026-02-27 08:12:35,153 - RefundLaundering - INFO - Calculating Risk Scores...
2026-02-27 08:12:35,164 - RefundLaundering - INFO - Risk scores saved to data\processed\risk_scores.csv
2026-02-27 08:12:35,183 - RefundLaundering - INFO - Pipeline completed successfully.
